<?xml version="1.0" encoding="UTF-8"?>
<!-- Generated by org.testng.reporters.JUnitReportReporter -->
<testsuite hostname="NuzsLaptop" failures="0" tests="1" name="test.AddCustomerTest" time="12.618" errors="0" timestamp="2023-03-28T02:26:07 CDT" skipped="0">
  <testcase classname="test.AddCustomerTest" name="userShouldBeAbleToAddCustomer" time="12.618"/>
  <system-out/>
</testsuite> <!-- test.AddCustomerTest -->
