<?xml version="1.0" encoding="UTF-8"?>
<!-- Generated by org.testng.reporters.JUnitReportReporter -->
<testsuite hostname="NuzsLaptop" failures="0" tests="1" name="test.LoginTest" time="9.697" errors="0" timestamp="2023-03-27T23:17:47 CDT" skipped="0">
  <testcase classname="test.LoginTest" name="validUserShouldBeAbleToLogin" time="9.697"/>
  <system-out/>
</testsuite> <!-- test.LoginTest -->
