<?xml version="1.0" encoding="UTF-8"?>
<!-- Generated by org.testng.reporters.JUnitReportReporter -->
<testsuite hostname="LAPTOP-KR2TJOMA" name="util.AddContactTest" tests="1" failures="0" timestamp="21 Oct 2022 04:34:04 GMT" time="10.991" errors="0">
  <testcase name="userShouldBeAbleToAddCustomer" time="10.991" classname="util.AddContactTest"/>
</testsuite> <!-- util.AddContactTest -->
